2025-12-06 08:23:05,358 - INFO - Loading theory values from theory_output.json
2025-12-06 08:23:05,359 - INFO - Extracted 106 numeric values from theory_output.json
2025-12-06 08:23:05,359 - INFO - Scanning principia-metaphysica-paper.html
2025-12-06 08:23:05,450 - INFO - Found 1130 potential numbers in principia-metaphysica-paper.html
2025-12-06 08:23:05,698 - INFO - Dry run complete - no changes applied
2025-12-06 08:23:05,704 - INFO - Report saved to paper_analysis.json
2025-12-06 08:25:30,489 - INFO - Loading theory values from theory_output.json
2025-12-06 08:25:30,490 - INFO - Extracted 106 numeric values from theory_output.json
2025-12-06 08:25:30,490 - INFO - Scanning index.html
2025-12-06 08:25:30,510 - INFO - Found 199 potential numbers in index.html
2025-12-06 08:25:30,545 - INFO - Dry run complete - no changes applied
2025-12-06 08:36:41,080 - INFO - Loading theory values from theory_output.json
2025-12-06 08:36:41,080 - INFO - Extracted 106 numeric values from theory_output.json
2025-12-06 08:36:41,080 - INFO - Scanning sections\cmb-bubble-collisions-comprehensive.html
2025-12-06 08:36:41,089 - INFO - Found 147 potential numbers in sections\cmb-bubble-collisions-comprehensive.html
2025-12-06 08:36:41,108 - INFO - Scanning sections\conclusion.html
2025-12-06 08:36:41,128 - INFO - Found 246 potential numbers in sections\conclusion.html
2025-12-06 08:36:41,157 - INFO - Scanning sections\cosmology.html
2025-12-06 08:36:41,223 - INFO - Found 717 potential numbers in sections\cosmology.html
2025-12-06 08:36:41,328 - INFO - Scanning sections\division-algebra-section.html
2025-12-06 08:36:41,332 - INFO - Found 45 potential numbers in sections\division-algebra-section.html
2025-12-06 08:36:41,335 - INFO - Scanning sections\einstein-hilbert-term.html
2025-12-06 08:36:41,341 - INFO - Found 53 potential numbers in sections\einstein-hilbert-term.html
2025-12-06 08:36:41,345 - INFO - Scanning sections\fermion-sector.html
2025-12-06 08:36:41,400 - INFO - Found 608 potential numbers in sections\fermion-sector.html
2025-12-06 08:36:41,480 - INFO - Scanning sections\formulas.html
2025-12-06 08:36:41,494 - INFO - Found 123 potential numbers in sections\formulas.html
2025-12-06 08:36:41,510 - INFO - Scanning sections\gauge-unification.html
2025-12-06 08:36:41,574 - INFO - Found 706 potential numbers in sections\gauge-unification.html
2025-12-06 08:36:41,670 - INFO - Scanning sections\geometric-framework.html
2025-12-06 08:36:41,720 - INFO - Found 635 potential numbers in sections\geometric-framework.html
2025-12-06 08:36:41,792 - INFO - Scanning sections\index.html
2025-12-06 08:36:41,796 - INFO - Found 13 potential numbers in sections\index.html
2025-12-06 08:36:41,797 - INFO - Scanning sections\introduction.html
2025-12-06 08:36:41,816 - INFO - Found 256 potential numbers in sections\introduction.html
2025-12-06 08:36:41,848 - INFO - Scanning sections\pneuma-lagrangian.html
2025-12-06 08:36:41,869 - INFO - Found 249 potential numbers in sections\pneuma-lagrangian.html
2025-12-06 08:36:41,894 - INFO - Scanning sections\pneuma-lagrangian-new.html
2025-12-06 08:36:41,903 - INFO - Found 133 potential numbers in sections\pneuma-lagrangian-new.html
2025-12-06 08:36:41,916 - INFO - Scanning sections\predictions.html
2025-12-06 08:36:41,970 - INFO - Found 640 potential numbers in sections\predictions.html
2025-12-06 08:36:42,059 - INFO - Scanning sections\theory-analysis.html
2025-12-06 08:36:42,076 - INFO - Found 362 potential numbers in sections\theory-analysis.html
2025-12-06 08:36:42,129 - INFO - Scanning sections\thermal-time.html
2025-12-06 08:36:42,184 - INFO - Found 329 potential numbers in sections\thermal-time.html
2025-12-06 08:36:42,235 - INFO - Scanning sections\xy-gauge-bosons.html
2025-12-06 08:36:42,241 - INFO - Found 51 potential numbers in sections\xy-gauge-bosons.html
2025-12-06 08:36:42,248 - INFO - Dry run complete - no changes applied
2025-12-06 08:36:49,266 - INFO - Loading theory values from theory_output.json
2025-12-06 08:36:49,267 - INFO - Extracted 106 numeric values from theory_output.json
2025-12-06 08:36:49,267 - INFO - Scanning sections\geometric-framework.html
2025-12-06 08:36:49,319 - INFO - Found 635 potential numbers in sections\geometric-framework.html
2025-12-06 08:36:49,389 - INFO - Dry run complete - no changes applied
2025-12-06 08:36:55,110 - INFO - Loading theory values from theory_output.json
2025-12-06 08:36:55,111 - INFO - Extracted 106 numeric values from theory_output.json
2025-12-06 08:36:55,111 - INFO - Scanning sections\geometric-framework.html
2025-12-06 08:36:55,170 - INFO - Found 635 potential numbers in sections\geometric-framework.html
2025-12-06 08:36:55,243 - INFO - Applying 465 replacements to sections\geometric-framework.html
2025-12-06 08:36:55,244 - INFO - Created backup: sections\geometric-framework.html.backup.20251206_083655
2025-12-06 08:36:56,431 - INFO - Applied 33 changes to sections\geometric-framework.html
2025-12-06 08:36:56,431 - INFO - All changes applied successfully
2025-12-06 12:18:56,974 - INFO - Loading theory values from theory_output.json
2025-12-06 12:18:56,982 - INFO - Extracted 106 numeric values from theory_output.json
2025-12-06 12:18:56,982 - INFO - Scanning sections\predictions.html
2025-12-06 12:18:57,037 - INFO - Found 640 potential numbers in sections\predictions.html
2025-12-06 12:18:57,124 - INFO - Dry run complete - no changes applied
2025-12-06 12:19:04,292 - INFO - Loading theory values from theory_output.json
2025-12-06 12:19:04,292 - INFO - Extracted 106 numeric values from theory_output.json
2025-12-06 12:19:04,293 - INFO - Scanning sections\conclusion.html
2025-12-06 12:19:04,314 - INFO - Found 246 potential numbers in sections\conclusion.html
2025-12-06 12:19:04,342 - INFO - Applying 154 replacements to sections\conclusion.html
2025-12-06 12:19:04,343 - INFO - Created backup: sections\conclusion.html.backup.20251206_121904
2025-12-06 12:19:04,519 - INFO - Applied 21 changes to sections\conclusion.html
2025-12-06 12:19:04,519 - INFO - All changes applied successfully
2025-12-06 12:26:16,309 - INFO - Loading theory values from theory_output.json
2025-12-06 12:26:16,310 - INFO - Extracted 106 numeric values from theory_output.json
2025-12-06 12:26:16,310 - INFO - Scanning sections\conclusion.html
2025-12-06 12:26:16,348 - INFO - Found 246 potential numbers in sections\conclusion.html
2025-12-06 12:26:16,378 - INFO - Applying 154 replacements to sections\conclusion.html
2025-12-06 12:26:16,379 - INFO - Created backup: sections\conclusion.html.backup.20251206_122616
2025-12-06 12:26:16,585 - INFO - Applied 21 changes to sections\conclusion.html
2025-12-06 12:26:16,585 - INFO - All changes applied successfully
2025-12-06 12:28:27,788 - INFO - Loading theory values from theory_output.json
2025-12-06 12:28:27,789 - INFO - Extracted 106 numeric values from theory_output.json
2025-12-06 12:28:27,789 - INFO - Scanning sections\geometric-framework.html
2025-12-06 12:28:27,861 - INFO - Found 635 potential numbers in sections\geometric-framework.html
2025-12-06 12:28:27,959 - INFO - Scanning sections\fermion-sector.html
2025-12-06 12:28:28,024 - INFO - Found 608 potential numbers in sections\fermion-sector.html
2025-12-06 12:28:28,128 - INFO - Scanning sections\pneuma-lagrangian.html
2025-12-06 12:28:28,158 - INFO - Found 249 potential numbers in sections\pneuma-lagrangian.html
2025-12-06 12:28:28,195 - INFO - Scanning sections\einstein-hilbert-term.html
2025-12-06 12:28:28,202 - INFO - Found 53 potential numbers in sections\einstein-hilbert-term.html
2025-12-06 12:28:28,208 - INFO - Scanning sections\theory-analysis.html
2025-12-06 12:28:28,229 - INFO - Found 362 potential numbers in sections\theory-analysis.html
2025-12-06 12:28:28,300 - INFO - Scanning sections\formulas.html
2025-12-06 12:28:28,319 - INFO - Found 123 potential numbers in sections\formulas.html
2025-12-06 12:28:28,344 - INFO - Applying 209 replacements to sections\theory-analysis.html
2025-12-06 12:28:28,345 - INFO - Created backup: sections\theory-analysis.html.backup.20251206_122828
2025-12-06 12:28:28,613 - INFO - Applied 64 changes to sections\theory-analysis.html
2025-12-06 12:28:28,613 - INFO - Applying 170 replacements to sections\pneuma-lagrangian.html
2025-12-06 12:28:28,614 - INFO - Created backup: sections\pneuma-lagrangian.html.backup.20251206_122828
2025-12-06 12:28:28,894 - INFO - Applied 6 changes to sections\pneuma-lagrangian.html
2025-12-06 12:28:28,894 - INFO - Applying 370 replacements to sections\fermion-sector.html
2025-12-06 12:28:28,895 - INFO - Created backup: sections\fermion-sector.html.backup.20251206_122828
2025-12-06 12:28:30,341 - INFO - Applied 56 changes to sections\fermion-sector.html
2025-12-06 12:28:30,341 - INFO - Applying 76 replacements to sections\formulas.html
2025-12-06 12:28:30,342 - INFO - Created backup: sections\formulas.html.backup.20251206_122830
2025-12-06 12:28:30,435 - INFO - Applied 27 changes to sections\formulas.html
2025-12-06 12:28:30,435 - INFO - Applying 465 replacements to sections\geometric-framework.html
2025-12-06 12:28:30,436 - INFO - Created backup: sections\geometric-framework.html.backup.20251206_122830
2025-12-06 12:28:31,913 - INFO - Applied 29 changes to sections\geometric-framework.html
2025-12-06 12:28:31,913 - INFO - Applying 41 replacements to sections\einstein-hilbert-term.html
2025-12-06 12:28:31,914 - INFO - Created backup: sections\einstein-hilbert-term.html.backup.20251206_122831
2025-12-06 12:28:31,935 - INFO - All changes applied successfully
2025-12-06 12:28:37,872 - INFO - Loading theory values from theory_output.json
2025-12-06 12:28:37,872 - INFO - Extracted 106 numeric values from theory_output.json
2025-12-06 12:28:37,872 - INFO - Scanning index.html
2025-12-06 12:28:37,891 - INFO - Found 199 potential numbers in index.html
2025-12-06 12:28:37,916 - INFO - Scanning principia-metaphysica-paper.html
2025-12-06 12:28:38,010 - INFO - Found 1130 potential numbers in principia-metaphysica-paper.html
2025-12-06 12:28:38,272 - INFO - Applying 151 replacements to index.html
2025-12-06 12:28:38,273 - INFO - Created backup: index.html.backup.20251206_122838
2025-12-06 12:28:38,422 - INFO - Applied 22 changes to index.html
2025-12-06 12:28:38,423 - INFO - Applying 664 replacements to principia-metaphysica-paper.html
2025-12-06 12:28:38,423 - INFO - Created backup: principia-metaphysica-paper.html.backup.20251206_122838
2025-12-06 12:28:41,493 - INFO - Applied 216 changes to principia-metaphysica-paper.html
2025-12-06 12:28:41,493 - INFO - All changes applied successfully
